[debug] [2018-04-20T10:12:31.626Z] ----------------------------------------------------------------------
[debug] [2018-04-20T10:12:31.641Z] Command:       C:\Program Files\nodejs\node.exe C:\Users\kumsajit\AppData\Roaming\npm\node_modules\firebase-tools\bin\firebase login --reauth
[debug] [2018-04-20T10:12:31.641Z] CLI Version:   3.17.7
[debug] [2018-04-20T10:12:31.641Z] Platform:      win32
[debug] [2018-04-20T10:12:31.641Z] Node Version:  v8.9.4
[debug] [2018-04-20T10:12:31.641Z] Time:          Fri Apr 20 2018 15:42:31 GMT+0530 (India Standard Time)
[debug] [2018-04-20T10:12:31.641Z] ----------------------------------------------------------------------
[debug] 
[info] 
[info] Visit this URL on any device to log in:
[info] https://accounts.google.com/o/oauth2/auth?client_id=563584335869-fgrhgmd47bqnekij5i8b5pr03ho849e6.apps.googleusercontent.com&scope=email%20openid%20https%3A%2F%2Fwww.googleapis.com%2Fauth%2Fcloudplatformprojects.readonly%20https%3A%2F%2Fwww.googleapis.com%2Fauth%2Ffirebase%20https%3A%2F%2Fwww.googleapis.com%2Fauth%2Fcloud-platform&response_type=code&state=646803492&redirect_uri=http%3A%2F%2Flocalhost%3A9005
[info] 
[info] Waiting for authentication...
[debug] [2018-04-20T10:12:52.582Z] >>> HTTP REQUEST POST https://accounts.google.com/o/oauth2/token  
 { code: '4/AACMlasguErs93SicdQJfmDzjUJ8NHVmDDXiPruyelk3qYcZl0IcG653kfZIUVRAsHx4BKvnVCkIC0r6RKqVKU0',
  client_id: '563584335869-fgrhgmd47bqnekij5i8b5pr03ho849e6.apps.googleusercontent.com',
  client_secret: 'j9iVZfS8kkCEFUPaAeJV0sAi',
  redirect_uri: 'http://localhost:9005',
  grant_type: 'authorization_code' } 
 Fri Apr 20 2018 15:42:52 GMT+0530 (India Standard Time)
[debug] [2018-04-20T10:12:53.366Z] Token Fetch Error: Error
    at new FirebaseError (C:\Users\kumsajit\AppData\Roaming\npm\node_modules\firebase-tools\lib\error.js:11:17)
    at Request._callback (C:\Users\kumsajit\AppData\Roaming\npm\node_modules\firebase-tools\lib\api.js:34:23)
    at self.callback (C:\Users\kumsajit\AppData\Roaming\npm\node_modules\firebase-tools\node_modules\request\request.js:186:22)
    at emitOne (events.js:116:13)
    at Request.emit (events.js:211:7)
    at Request.onRequestError (C:\Users\kumsajit\AppData\Roaming\npm\node_modules\firebase-tools\node_modules\request\request.js:878:8)
    at emitOne (events.js:116:13)
    at ClientRequest.emit (events.js:211:7)
    at TLSSocket.socketErrorListener (_http_client.js:387:9)
    at emitOne (events.js:116:13)
